2022-Oct-13 17:25:47.672 [main] INFO  c.e.a.AuthServiceApplication                       - Starting AuthServiceApplication using Java 17.0.4.1 on Hieu with PID 8068 (D:\Disk-D\uni\microservice\Auth-Service\target\classes started by caheo in D:\Disk-D\uni\microservice)
2022-Oct-13 17:25:47.697 [main] INFO  c.e.a.AuthServiceApplication                       - No active profile set, falling back to 1 default profile: "default"
2022-Oct-13 17:25:49.182 [main] INFO  o.s.d.r.c.RepositoryConfigurationDelegate          - Multiple Spring Data modules found, entering strict repository configuration mode
2022-Oct-13 17:25:49.183 [main] INFO  o.s.d.r.c.RepositoryConfigurationDelegate          - Bootstrapping Spring Data JPA repositories in DEFAULT mode.
2022-Oct-13 17:25:49.286 [main] INFO  o.s.d.r.c.RepositoryConfigurationDelegate          - Finished Spring Data repository scanning in 92 ms. Found 3 JPA repository interfaces.
2022-Oct-13 17:25:49.306 [main] INFO  o.s.d.r.c.RepositoryConfigurationDelegate          - Multiple Spring Data modules found, entering strict repository configuration mode
2022-Oct-13 17:25:49.307 [main] INFO  o.s.d.r.c.RepositoryConfigurationDelegate          - Bootstrapping Spring Data Redis repositories in DEFAULT mode.
2022-Oct-13 17:25:49.321 [main] INFO  o.s.d.r.c.RepositoryConfigurationExtensionSupport  - Spring Data Redis - Could not safely identify store assignment for repository candidate interface com.example.authservice.repository.PrivilegeRepository; If you want this repository to be a Redis repository, consider annotating your entities with one of these annotations: org.springframework.data.redis.core.RedisHash (preferred), or consider extending one of the following types with your repository: org.springframework.data.keyvalue.repository.KeyValueRepository
2022-Oct-13 17:25:49.322 [main] INFO  o.s.d.r.c.RepositoryConfigurationExtensionSupport  - Spring Data Redis - Could not safely identify store assignment for repository candidate interface com.example.authservice.repository.RoleRepository; If you want this repository to be a Redis repository, consider annotating your entities with one of these annotations: org.springframework.data.redis.core.RedisHash (preferred), or consider extending one of the following types with your repository: org.springframework.data.keyvalue.repository.KeyValueRepository
2022-Oct-13 17:25:49.323 [main] INFO  o.s.d.r.c.RepositoryConfigurationExtensionSupport  - Spring Data Redis - Could not safely identify store assignment for repository candidate interface com.example.authservice.repository.UserRepository; If you want this repository to be a Redis repository, consider annotating your entities with one of these annotations: org.springframework.data.redis.core.RedisHash (preferred), or consider extending one of the following types with your repository: org.springframework.data.keyvalue.repository.KeyValueRepository
2022-Oct-13 17:25:49.323 [main] INFO  o.s.d.r.c.RepositoryConfigurationDelegate          - Finished Spring Data repository scanning in 6 ms. Found 0 Redis repository interfaces.
2022-Oct-13 17:25:49.626 [main] INFO  o.s.c.c.s.GenericScope                             - BeanFactory id=b894028a-d3b3-3801-8c01-2e6ac6d83dae
2022-Oct-13 17:25:50.059 [main] INFO  o.s.b.w.e.t.TomcatWebServer                        - Tomcat initialized with port(s): 9100 (http)
2022-Oct-13 17:25:50.074 [main] INFO  o.a.c.h.Http11NioProtocol                          - Initializing ProtocolHandler ["http-nio-9100"]
2022-Oct-13 17:25:50.075 [main] INFO  o.a.c.c.StandardService                            - Starting service [Tomcat]
2022-Oct-13 17:25:50.076 [main] INFO  o.a.c.c.StandardEngine                             - Starting Servlet engine: [Apache Tomcat/9.0.65]
2022-Oct-13 17:25:50.248 [main] INFO  o.a.c.c.C.[.[.[/]                                  - Initializing Spring embedded WebApplicationContext
2022-Oct-13 17:25:50.249 [main] INFO  o.s.b.w.s.c.ServletWebServerApplicationContext     - Root WebApplicationContext: initialization completed in 2449 ms
2022-Oct-13 17:25:50.474 [main] INFO  o.h.j.i.u.LogHelper                                - HHH000204: Processing PersistenceUnitInfo [name: default]
2022-Oct-13 17:25:50.529 [main] INFO  o.h.Version                                        - HHH000412: Hibernate ORM core version 5.6.11.Final
2022-Oct-13 17:25:50.699 [main] INFO  o.h.a.c.Version                                    - HCANN000001: Hibernate Commons Annotations {5.1.2.Final}
2022-Oct-13 17:25:50.832 [main] INFO  c.z.h.HikariDataSource                             - HikariPool-1 - Starting...
2022-Oct-13 17:25:51.275 [main] INFO  c.z.h.HikariDataSource                             - HikariPool-1 - Start completed.
2022-Oct-13 17:25:51.300 [main] INFO  o.h.d.Dialect                                      - HHH000400: Using dialect: org.hibernate.dialect.MySQL8Dialect
2022-Oct-13 17:25:52.614 [main] INFO  o.h.e.t.j.p.i.JtaPlatformInitiator                 - HHH000490: Using JtaPlatform implementation: [org.hibernate.engine.transaction.jta.platform.internal.NoJtaPlatform]
2022-Oct-13 17:25:52.624 [main] INFO  o.s.o.j.LocalContainerEntityManagerFactoryBean     - Initialized JPA EntityManagerFactory for persistence unit 'default'
2022-Oct-13 17:25:53.115 [main] INFO  c.e.a.s.KeyUtils                                   - loading keys from file: access-refresh-token-keys/access-token-public.key, access-refresh-token-keys/access-token-private.key
2022-Oct-13 17:25:53.133 [main] INFO  c.e.a.s.KeyUtils                                   - loading keys from file: access-refresh-token-keys/refresh-token-public.key, access-refresh-token-keys/refresh-token-private.key
2022-Oct-13 17:25:53.494 [main] INFO  o.s.s.w.DefaultSecurityFilterChain                 - Will secure any request with [org.springframework.security.web.session.DisableEncodeUrlFilter@4bdbfbc6, org.springframework.security.web.context.request.async.WebAsyncManagerIntegrationFilter@79735611, org.springframework.security.web.context.SecurityContextPersistenceFilter@406d922, org.springframework.security.web.header.HeaderWriterFilter@779cb140, org.springframework.security.web.authentication.logout.LogoutFilter@4e93d23e, org.springframework.security.oauth2.server.resource.web.BearerTokenAuthenticationFilter@8961e55, org.springframework.security.web.savedrequest.RequestCacheAwareFilter@2bf0bb93, org.springframework.security.web.servletapi.SecurityContextHolderAwareRequestFilter@23adbd6b, org.springframework.security.web.authentication.AnonymousAuthenticationFilter@758ac46, org.springframework.security.web.session.SessionManagementFilter@57a0aeb8, org.springframework.security.web.access.ExceptionTranslationFilter@2512155e, org.springframework.security.web.access.intercept.FilterSecurityInterceptor@3eadfbbb, com.example.authservice.config.JwtBlackListAuthenticationConfig@77524ca7]
2022-Oct-13 17:25:53.556 [main] WARN  o.s.b.a.o.j.JpaBaseConfiguration$JpaWebConfiguration - spring.jpa.open-in-view is enabled by default. Therefore, database queries may be performed during view rendering. Explicitly configure spring.jpa.open-in-view to disable this warning
2022-Oct-13 17:25:54.594 [main] INFO  o.s.c.n.e.c.DiscoveryClientOptionalArgsConfiguration - Eureka HTTP Client uses RestTemplate.
2022-Oct-13 17:25:54.933 [main] WARN  o.s.c.l.c.LoadBalancerCacheAutoConfiguration$LoadBalancerCaffeineWarnLogger - Spring Cloud LoadBalancer is currently working with the default cache. While this cache implementation is useful for development and tests, it's recommended to use Caffeine cache in production.You can switch to using Caffeine cache, by adding it and org.springframework.cache.caffeine.CaffeineCacheManager to the classpath.
2022-Oct-13 17:25:55.031 [main] INFO  o.s.c.n.e.InstanceInfoFactory                      - Setting initial instance status as: STARTING
2022-Oct-13 17:25:55.088 [main] INFO  c.n.d.DiscoveryClient                              - Initializing Eureka in region us-east-1
2022-Oct-13 17:25:55.095 [main] INFO  c.n.d.s.r.a.ConfigClusterResolver                  - Resolving eureka endpoints via configuration
2022-Oct-13 17:25:55.134 [main] INFO  c.n.d.DiscoveryClient                              - Disable delta property : false
2022-Oct-13 17:25:55.134 [main] INFO  c.n.d.DiscoveryClient                              - Single vip registry refresh property : null
2022-Oct-13 17:25:55.134 [main] INFO  c.n.d.DiscoveryClient                              - Force full registry fetch : false
2022-Oct-13 17:25:55.134 [main] INFO  c.n.d.DiscoveryClient                              - Application is null : false
2022-Oct-13 17:25:55.135 [main] INFO  c.n.d.DiscoveryClient                              - Registered Applications size is zero : true
2022-Oct-13 17:25:55.135 [main] INFO  c.n.d.DiscoveryClient                              - Application version is -1: true
2022-Oct-13 17:25:55.135 [main] INFO  c.n.d.DiscoveryClient                              - Getting all instance registry info from the eureka server
2022-Oct-13 17:25:55.519 [main] INFO  c.n.d.DiscoveryClient                              - The response status is 200
2022-Oct-13 17:25:55.523 [main] INFO  c.n.d.DiscoveryClient                              - Starting heartbeat executor: renew interval is: 30
2022-Oct-13 17:25:55.526 [main] INFO  c.n.d.InstanceInfoReplicator                       - InstanceInfoReplicator onDemand update allowed rate per min is 4
2022-Oct-13 17:25:55.532 [main] INFO  c.n.d.DiscoveryClient                              - Discovery Client initialized at timestamp 1665656755531 with initial instances count: 2
2022-Oct-13 17:25:55.536 [main] INFO  o.s.c.n.e.s.EurekaServiceRegistry                  - Registering application AUTH-SERVER with eureka with status UP
2022-Oct-13 17:25:55.537 [main] INFO  c.n.d.DiscoveryClient                              - Saw local status change event StatusChangeEvent [timestamp=1665656755537, current=UP, previous=STARTING]
2022-Oct-13 17:25:55.539 [DiscoveryClient-InstanceInfoReplicator-0] INFO  c.n.d.DiscoveryClient                              - DiscoveryClient_AUTH-SERVER/10.51.9.79:auth-server:9100: registering service...
2022-Oct-13 17:25:55.540 [main] INFO  o.a.c.h.Http11NioProtocol                          - Starting ProtocolHandler ["http-nio-9100"]
2022-Oct-13 17:25:55.568 [main] INFO  o.s.b.w.e.t.TomcatWebServer                        - Tomcat started on port(s): 9100 (http) with context path ''
2022-Oct-13 17:25:55.569 [main] INFO  o.s.c.n.e.s.EurekaAutoServiceRegistration          - Updating port to 9100
2022-Oct-13 17:25:55.592 [DiscoveryClient-InstanceInfoReplicator-0] INFO  c.n.d.DiscoveryClient                              - DiscoveryClient_AUTH-SERVER/10.51.9.79:auth-server:9100 - registration status: 204
2022-Oct-13 17:25:55.720 [main] INFO  c.e.a.AuthServiceApplication                       - Started AuthServiceApplication in 8.876 seconds (JVM running for 10.467)
2022-Oct-13 17:30:55.153 [AsyncResolver-bootstrap-executor-0] INFO  c.n.d.s.r.a.ConfigClusterResolver                  - Resolving eureka endpoints via configuration
2022-Oct-13 17:31:05.911 [SpringApplicationShutdownHook] INFO  o.s.c.n.e.s.EurekaServiceRegistry                  - Unregistering application AUTH-SERVER with eureka with status DOWN
2022-Oct-13 17:31:05.912 [SpringApplicationShutdownHook] INFO  c.n.d.DiscoveryClient                              - Saw local status change event StatusChangeEvent [timestamp=1665657065912, current=DOWN, previous=UP]
2022-Oct-13 17:31:05.912 [DiscoveryClient-InstanceInfoReplicator-0] INFO  c.n.d.DiscoveryClient                              - DiscoveryClient_AUTH-SERVER/10.51.9.79:auth-server:9100: registering service...
2022-Oct-13 17:31:05.920 [DiscoveryClient-InstanceInfoReplicator-0] INFO  c.n.d.DiscoveryClient                              - DiscoveryClient_AUTH-SERVER/10.51.9.79:auth-server:9100 - registration status: 204
2022-Oct-13 17:31:06.084 [SpringApplicationShutdownHook] INFO  o.s.o.j.LocalContainerEntityManagerFactoryBean     - Closing JPA EntityManagerFactory for persistence unit 'default'
2022-Oct-13 17:31:06.087 [SpringApplicationShutdownHook] INFO  c.z.h.HikariDataSource                             - HikariPool-1 - Shutdown initiated...
2022-Oct-13 17:31:06.097 [SpringApplicationShutdownHook] INFO  c.z.h.HikariDataSource                             - HikariPool-1 - Shutdown completed.
2022-Oct-13 17:31:06.098 [SpringApplicationShutdownHook] INFO  c.n.d.DiscoveryClient                              - Shutting down DiscoveryClient ...
2022-Oct-13 17:31:09.105 [SpringApplicationShutdownHook] INFO  c.n.d.DiscoveryClient                              - Unregistering ...
2022-Oct-13 17:31:09.113 [SpringApplicationShutdownHook] INFO  c.n.d.DiscoveryClient                              - DiscoveryClient_AUTH-SERVER/10.51.9.79:auth-server:9100 - deregister  status: 200
2022-Oct-13 17:31:09.120 [SpringApplicationShutdownHook] INFO  c.n.d.DiscoveryClient                              - Completed shut down of DiscoveryClient
2022-Oct-13 17:31:25.654 [main] INFO  c.e.a.AuthServiceApplication                       - Starting AuthServiceApplication using Java 17.0.4.1 on Hieu with PID 7996 (D:\Disk-D\uni\microservice\Auth-Service\target\classes started by caheo in D:\Disk-D\uni\microservice)
2022-Oct-13 17:31:25.670 [main] INFO  c.e.a.AuthServiceApplication                       - No active profile set, falling back to 1 default profile: "default"
2022-Oct-13 17:31:27.122 [main] INFO  o.s.d.r.c.RepositoryConfigurationDelegate          - Multiple Spring Data modules found, entering strict repository configuration mode
2022-Oct-13 17:31:27.123 [main] INFO  o.s.d.r.c.RepositoryConfigurationDelegate          - Bootstrapping Spring Data JPA repositories in DEFAULT mode.
2022-Oct-13 17:31:27.226 [main] INFO  o.s.d.r.c.RepositoryConfigurationDelegate          - Finished Spring Data repository scanning in 93 ms. Found 3 JPA repository interfaces.
2022-Oct-13 17:31:27.244 [main] INFO  o.s.d.r.c.RepositoryConfigurationDelegate          - Multiple Spring Data modules found, entering strict repository configuration mode
2022-Oct-13 17:31:27.246 [main] INFO  o.s.d.r.c.RepositoryConfigurationDelegate          - Bootstrapping Spring Data Redis repositories in DEFAULT mode.
2022-Oct-13 17:31:27.260 [main] INFO  o.s.d.r.c.RepositoryConfigurationExtensionSupport  - Spring Data Redis - Could not safely identify store assignment for repository candidate interface com.example.authservice.repository.PrivilegeRepository; If you want this repository to be a Redis repository, consider annotating your entities with one of these annotations: org.springframework.data.redis.core.RedisHash (preferred), or consider extending one of the following types with your repository: org.springframework.data.keyvalue.repository.KeyValueRepository
2022-Oct-13 17:31:27.261 [main] INFO  o.s.d.r.c.RepositoryConfigurationExtensionSupport  - Spring Data Redis - Could not safely identify store assignment for repository candidate interface com.example.authservice.repository.RoleRepository; If you want this repository to be a Redis repository, consider annotating your entities with one of these annotations: org.springframework.data.redis.core.RedisHash (preferred), or consider extending one of the following types with your repository: org.springframework.data.keyvalue.repository.KeyValueRepository
2022-Oct-13 17:31:27.262 [main] INFO  o.s.d.r.c.RepositoryConfigurationExtensionSupport  - Spring Data Redis - Could not safely identify store assignment for repository candidate interface com.example.authservice.repository.UserRepository; If you want this repository to be a Redis repository, consider annotating your entities with one of these annotations: org.springframework.data.redis.core.RedisHash (preferred), or consider extending one of the following types with your repository: org.springframework.data.keyvalue.repository.KeyValueRepository
2022-Oct-13 17:31:27.263 [main] INFO  o.s.d.r.c.RepositoryConfigurationDelegate          - Finished Spring Data repository scanning in 7 ms. Found 0 Redis repository interfaces.
2022-Oct-13 17:31:27.601 [main] INFO  o.s.c.c.s.GenericScope                             - BeanFactory id=b894028a-d3b3-3801-8c01-2e6ac6d83dae
2022-Oct-13 17:31:28.087 [main] INFO  o.s.b.w.e.t.TomcatWebServer                        - Tomcat initialized with port(s): 9100 (http)
2022-Oct-13 17:31:28.107 [main] INFO  o.a.c.h.Http11NioProtocol                          - Initializing ProtocolHandler ["http-nio-9100"]
2022-Oct-13 17:31:28.109 [main] INFO  o.a.c.c.StandardService                            - Starting service [Tomcat]
2022-Oct-13 17:31:28.111 [main] INFO  o.a.c.c.StandardEngine                             - Starting Servlet engine: [Apache Tomcat/9.0.65]
2022-Oct-13 17:31:28.360 [main] INFO  o.a.c.c.C.[.[.[/]                                  - Initializing Spring embedded WebApplicationContext
2022-Oct-13 17:31:28.360 [main] INFO  o.s.b.w.s.c.ServletWebServerApplicationContext     - Root WebApplicationContext: initialization completed in 2625 ms
2022-Oct-13 17:31:28.663 [main] INFO  o.h.j.i.u.LogHelper                                - HHH000204: Processing PersistenceUnitInfo [name: default]
2022-Oct-13 17:31:28.717 [main] INFO  o.h.Version                                        - HHH000412: Hibernate ORM core version 5.6.11.Final
2022-Oct-13 17:31:28.912 [main] INFO  o.h.a.c.Version                                    - HCANN000001: Hibernate Commons Annotations {5.1.2.Final}
2022-Oct-13 17:31:29.038 [main] INFO  c.z.h.HikariDataSource                             - HikariPool-1 - Starting...
2022-Oct-13 17:31:29.394 [main] INFO  c.z.h.HikariDataSource                             - HikariPool-1 - Start completed.
2022-Oct-13 17:31:29.420 [main] INFO  o.h.d.Dialect                                      - HHH000400: Using dialect: org.hibernate.dialect.MySQL8Dialect
2022-Oct-13 17:31:30.403 [main] INFO  o.h.e.t.j.p.i.JtaPlatformInitiator                 - HHH000490: Using JtaPlatform implementation: [org.hibernate.engine.transaction.jta.platform.internal.NoJtaPlatform]
2022-Oct-13 17:31:30.412 [main] INFO  o.s.o.j.LocalContainerEntityManagerFactoryBean     - Initialized JPA EntityManagerFactory for persistence unit 'default'
2022-Oct-13 17:31:30.914 [main] INFO  c.e.a.s.KeyUtils                                   - loading keys from file: access-refresh-token-keys/access-token-public.key, access-refresh-token-keys/access-token-private.key
2022-Oct-13 17:31:30.941 [main] INFO  c.e.a.s.KeyUtils                                   - loading keys from file: access-refresh-token-keys/refresh-token-public.key, access-refresh-token-keys/refresh-token-private.key
2022-Oct-13 17:31:31.382 [main] INFO  o.s.s.w.DefaultSecurityFilterChain                 - Will secure any request with [org.springframework.security.web.session.DisableEncodeUrlFilter@7866fe3e, org.springframework.security.web.context.request.async.WebAsyncManagerIntegrationFilter@498f1f63, org.springframework.security.web.context.SecurityContextPersistenceFilter@629dfb5a, org.springframework.security.web.header.HeaderWriterFilter@1fd77205, org.springframework.security.web.authentication.logout.LogoutFilter@6771efaa, org.springframework.security.oauth2.server.resource.web.BearerTokenAuthenticationFilter@758ac46, org.springframework.security.web.savedrequest.RequestCacheAwareFilter@38ae69f7, org.springframework.security.web.servletapi.SecurityContextHolderAwareRequestFilter@be9bf2e, org.springframework.security.web.authentication.AnonymousAuthenticationFilter@6250d33c, org.springframework.security.web.session.SessionManagementFilter@23adbd6b, org.springframework.security.web.access.ExceptionTranslationFilter@402d76c7, org.springframework.security.web.access.intercept.FilterSecurityInterceptor@307e9c02, com.example.authservice.config.JwtBlackListAuthenticationConfig@35145874]
2022-Oct-13 17:31:31.439 [main] WARN  o.s.b.a.o.j.JpaBaseConfiguration$JpaWebConfiguration - spring.jpa.open-in-view is enabled by default. Therefore, database queries may be performed during view rendering. Explicitly configure spring.jpa.open-in-view to disable this warning
2022-Oct-13 17:31:32.584 [main] INFO  o.s.c.n.e.c.DiscoveryClientOptionalArgsConfiguration - Eureka HTTP Client uses RestTemplate.
2022-Oct-13 17:31:32.910 [main] WARN  o.s.c.l.c.LoadBalancerCacheAutoConfiguration$LoadBalancerCaffeineWarnLogger - Spring Cloud LoadBalancer is currently working with the default cache. While this cache implementation is useful for development and tests, it's recommended to use Caffeine cache in production.You can switch to using Caffeine cache, by adding it and org.springframework.cache.caffeine.CaffeineCacheManager to the classpath.
2022-Oct-13 17:31:33.049 [main] INFO  o.s.c.n.e.InstanceInfoFactory                      - Setting initial instance status as: STARTING
2022-Oct-13 17:31:33.120 [main] INFO  c.n.d.DiscoveryClient                              - Initializing Eureka in region us-east-1
2022-Oct-13 17:31:33.125 [main] INFO  c.n.d.s.r.a.ConfigClusterResolver                  - Resolving eureka endpoints via configuration
2022-Oct-13 17:31:33.172 [main] INFO  c.n.d.DiscoveryClient                              - Disable delta property : false
2022-Oct-13 17:31:33.173 [main] INFO  c.n.d.DiscoveryClient                              - Single vip registry refresh property : null
2022-Oct-13 17:31:33.173 [main] INFO  c.n.d.DiscoveryClient                              - Force full registry fetch : false
2022-Oct-13 17:31:33.173 [main] INFO  c.n.d.DiscoveryClient                              - Application is null : false
2022-Oct-13 17:31:33.173 [main] INFO  c.n.d.DiscoveryClient                              - Registered Applications size is zero : true
2022-Oct-13 17:31:33.173 [main] INFO  c.n.d.DiscoveryClient                              - Application version is -1: true
2022-Oct-13 17:31:33.173 [main] INFO  c.n.d.DiscoveryClient                              - Getting all instance registry info from the eureka server
2022-Oct-13 17:31:33.576 [main] INFO  c.n.d.DiscoveryClient                              - The response status is 200
2022-Oct-13 17:31:33.580 [main] INFO  c.n.d.DiscoveryClient                              - Starting heartbeat executor: renew interval is: 30
2022-Oct-13 17:31:33.584 [main] INFO  c.n.d.InstanceInfoReplicator                       - InstanceInfoReplicator onDemand update allowed rate per min is 4
2022-Oct-13 17:31:33.589 [main] INFO  c.n.d.DiscoveryClient                              - Discovery Client initialized at timestamp 1665657093588 with initial instances count: 2
2022-Oct-13 17:31:33.593 [main] INFO  o.s.c.n.e.s.EurekaServiceRegistry                  - Registering application AUTH-SERVER with eureka with status UP
2022-Oct-13 17:31:33.594 [main] INFO  c.n.d.DiscoveryClient                              - Saw local status change event StatusChangeEvent [timestamp=1665657093594, current=UP, previous=STARTING]
2022-Oct-13 17:31:33.596 [DiscoveryClient-InstanceInfoReplicator-0] INFO  c.n.d.DiscoveryClient                              - DiscoveryClient_AUTH-SERVER/10.51.9.79:auth-server:9100: registering service...
2022-Oct-13 17:31:33.597 [main] INFO  o.a.c.h.Http11NioProtocol                          - Starting ProtocolHandler ["http-nio-9100"]
2022-Oct-13 17:31:33.631 [main] INFO  o.s.b.w.e.t.TomcatWebServer                        - Tomcat started on port(s): 9100 (http) with context path ''
2022-Oct-13 17:31:33.633 [main] INFO  o.s.c.n.e.s.EurekaAutoServiceRegistration          - Updating port to 9100
2022-Oct-13 17:31:33.657 [DiscoveryClient-InstanceInfoReplicator-0] INFO  c.n.d.DiscoveryClient                              - DiscoveryClient_AUTH-SERVER/10.51.9.79:auth-server:9100 - registration status: 204
2022-Oct-13 17:31:33.801 [main] INFO  c.e.a.AuthServiceApplication                       - Started AuthServiceApplication in 9.002 seconds (JVM running for 10.724)
2022-Oct-13 17:32:04.203 [http-nio-9100-exec-1] INFO  o.a.c.c.C.[.[.[/]                                  - Initializing Spring DispatcherServlet 'dispatcherServlet'
2022-Oct-13 17:32:04.203 [http-nio-9100-exec-1] INFO  o.s.w.s.DispatcherServlet                          - Initializing Servlet 'dispatcherServlet'
2022-Oct-13 17:32:04.206 [http-nio-9100-exec-1] INFO  o.s.w.s.DispatcherServlet                          - Completed initialization in 3 ms
2022-Oct-13 17:33:11.711 [http-nio-9100-exec-5] INFO  c.e.a.c.AuthController                             - log4j2 ............................
2022-Oct-13 17:34:54.591 [SpringApplicationShutdownHook] INFO  o.s.c.n.e.s.EurekaServiceRegistry                  - Unregistering application AUTH-SERVER with eureka with status DOWN
2022-Oct-13 17:34:54.591 [SpringApplicationShutdownHook] INFO  c.n.d.DiscoveryClient                              - Saw local status change event StatusChangeEvent [timestamp=1665657294591, current=DOWN, previous=UP]
2022-Oct-13 17:34:54.592 [DiscoveryClient-InstanceInfoReplicator-0] INFO  c.n.d.DiscoveryClient                              - DiscoveryClient_AUTH-SERVER/10.51.9.79:auth-server:9100: registering service...
2022-Oct-13 17:34:54.598 [DiscoveryClient-InstanceInfoReplicator-0] INFO  c.n.d.DiscoveryClient                              - DiscoveryClient_AUTH-SERVER/10.51.9.79:auth-server:9100 - registration status: 204
2022-Oct-13 17:34:54.772 [SpringApplicationShutdownHook] INFO  o.s.o.j.LocalContainerEntityManagerFactoryBean     - Closing JPA EntityManagerFactory for persistence unit 'default'
2022-Oct-13 17:34:54.775 [SpringApplicationShutdownHook] INFO  c.z.h.HikariDataSource                             - HikariPool-1 - Shutdown initiated...
2022-Oct-13 17:34:54.786 [SpringApplicationShutdownHook] INFO  c.z.h.HikariDataSource                             - HikariPool-1 - Shutdown completed.
2022-Oct-13 17:34:54.787 [SpringApplicationShutdownHook] INFO  c.n.d.DiscoveryClient                              - Shutting down DiscoveryClient ...
2022-Oct-13 17:34:57.802 [SpringApplicationShutdownHook] INFO  c.n.d.DiscoveryClient                              - Unregistering ...
2022-Oct-13 17:34:57.806 [SpringApplicationShutdownHook] INFO  c.n.d.DiscoveryClient                              - DiscoveryClient_AUTH-SERVER/10.51.9.79:auth-server:9100 - deregister  status: 200
2022-Oct-13 17:34:57.811 [SpringApplicationShutdownHook] INFO  c.n.d.DiscoveryClient                              - Completed shut down of DiscoveryClient
2022-Oct-13 17:35:09.629 [main] INFO  c.e.a.AuthServiceApplication                       - Starting AuthServiceApplication using Java 17.0.4.1 on Hieu with PID 6724 (D:\Disk-D\uni\microservice\Auth-Service\target\classes started by caheo in D:\Disk-D\uni\microservice)
2022-Oct-13 17:35:09.644 [main] INFO  c.e.a.AuthServiceApplication                       - No active profile set, falling back to 1 default profile: "default"
2022-Oct-13 17:35:10.830 [main] INFO  o.s.d.r.c.RepositoryConfigurationDelegate          - Multiple Spring Data modules found, entering strict repository configuration mode
2022-Oct-13 17:35:10.830 [main] INFO  o.s.d.r.c.RepositoryConfigurationDelegate          - Bootstrapping Spring Data JPA repositories in DEFAULT mode.
2022-Oct-13 17:35:10.932 [main] INFO  o.s.d.r.c.RepositoryConfigurationDelegate          - Finished Spring Data repository scanning in 93 ms. Found 3 JPA repository interfaces.
2022-Oct-13 17:35:10.949 [main] INFO  o.s.d.r.c.RepositoryConfigurationDelegate          - Multiple Spring Data modules found, entering strict repository configuration mode
2022-Oct-13 17:35:10.950 [main] INFO  o.s.d.r.c.RepositoryConfigurationDelegate          - Bootstrapping Spring Data Redis repositories in DEFAULT mode.
2022-Oct-13 17:35:10.964 [main] INFO  o.s.d.r.c.RepositoryConfigurationExtensionSupport  - Spring Data Redis - Could not safely identify store assignment for repository candidate interface com.example.authservice.repository.PrivilegeRepository; If you want this repository to be a Redis repository, consider annotating your entities with one of these annotations: org.springframework.data.redis.core.RedisHash (preferred), or consider extending one of the following types with your repository: org.springframework.data.keyvalue.repository.KeyValueRepository
2022-Oct-13 17:35:10.965 [main] INFO  o.s.d.r.c.RepositoryConfigurationExtensionSupport  - Spring Data Redis - Could not safely identify store assignment for repository candidate interface com.example.authservice.repository.RoleRepository; If you want this repository to be a Redis repository, consider annotating your entities with one of these annotations: org.springframework.data.redis.core.RedisHash (preferred), or consider extending one of the following types with your repository: org.springframework.data.keyvalue.repository.KeyValueRepository
2022-Oct-13 17:35:10.966 [main] INFO  o.s.d.r.c.RepositoryConfigurationExtensionSupport  - Spring Data Redis - Could not safely identify store assignment for repository candidate interface com.example.authservice.repository.UserRepository; If you want this repository to be a Redis repository, consider annotating your entities with one of these annotations: org.springframework.data.redis.core.RedisHash (preferred), or consider extending one of the following types with your repository: org.springframework.data.keyvalue.repository.KeyValueRepository
2022-Oct-13 17:35:10.967 [main] INFO  o.s.d.r.c.RepositoryConfigurationDelegate          - Finished Spring Data repository scanning in 7 ms. Found 0 Redis repository interfaces.
2022-Oct-13 17:35:11.251 [main] INFO  o.s.c.c.s.GenericScope                             - BeanFactory id=b894028a-d3b3-3801-8c01-2e6ac6d83dae
2022-Oct-13 17:35:11.684 [main] INFO  o.s.b.w.e.t.TomcatWebServer                        - Tomcat initialized with port(s): 9100 (http)
2022-Oct-13 17:35:11.700 [main] INFO  o.a.c.h.Http11NioProtocol                          - Initializing ProtocolHandler ["http-nio-9100"]
2022-Oct-13 17:35:11.701 [main] INFO  o.a.c.c.StandardService                            - Starting service [Tomcat]
2022-Oct-13 17:35:11.702 [main] INFO  o.a.c.c.StandardEngine                             - Starting Servlet engine: [Apache Tomcat/9.0.65]
2022-Oct-13 17:35:11.874 [main] INFO  o.a.c.c.C.[.[.[/]                                  - Initializing Spring embedded WebApplicationContext
2022-Oct-13 17:35:11.874 [main] INFO  o.s.b.w.s.c.ServletWebServerApplicationContext     - Root WebApplicationContext: initialization completed in 2162 ms
2022-Oct-13 17:35:12.099 [main] INFO  o.h.j.i.u.LogHelper                                - HHH000204: Processing PersistenceUnitInfo [name: default]
2022-Oct-13 17:35:12.155 [main] INFO  o.h.Version                                        - HHH000412: Hibernate ORM core version 5.6.11.Final
2022-Oct-13 17:35:12.293 [main] INFO  o.h.a.c.Version                                    - HCANN000001: Hibernate Commons Annotations {5.1.2.Final}
2022-Oct-13 17:35:12.425 [main] INFO  c.z.h.HikariDataSource                             - HikariPool-1 - Starting...
2022-Oct-13 17:35:12.738 [main] INFO  c.z.h.HikariDataSource                             - HikariPool-1 - Start completed.
2022-Oct-13 17:35:12.756 [main] INFO  o.h.d.Dialect                                      - HHH000400: Using dialect: org.hibernate.dialect.MySQL8Dialect
2022-Oct-13 17:35:13.655 [main] INFO  o.h.e.t.j.p.i.JtaPlatformInitiator                 - HHH000490: Using JtaPlatform implementation: [org.hibernate.engine.transaction.jta.platform.internal.NoJtaPlatform]
2022-Oct-13 17:35:13.664 [main] INFO  o.s.o.j.LocalContainerEntityManagerFactoryBean     - Initialized JPA EntityManagerFactory for persistence unit 'default'
2022-Oct-13 17:35:14.089 [main] INFO  c.e.a.s.KeyUtils                                   - loading keys from file: access-refresh-token-keys/access-token-public.key, access-refresh-token-keys/access-token-private.key
2022-Oct-13 17:35:14.108 [main] INFO  c.e.a.s.KeyUtils                                   - loading keys from file: access-refresh-token-keys/refresh-token-public.key, access-refresh-token-keys/refresh-token-private.key
2022-Oct-13 17:35:14.449 [main] INFO  o.s.s.w.DefaultSecurityFilterChain                 - Will secure any request with [org.springframework.security.web.session.DisableEncodeUrlFilter@4bdbfbc6, org.springframework.security.web.context.request.async.WebAsyncManagerIntegrationFilter@79735611, org.springframework.security.web.context.SecurityContextPersistenceFilter@b332eda, org.springframework.security.web.header.HeaderWriterFilter@6f986031, org.springframework.security.web.authentication.logout.LogoutFilter@2d093067, org.springframework.security.oauth2.server.resource.web.BearerTokenAuthenticationFilter@8961e55, org.springframework.security.web.savedrequest.RequestCacheAwareFilter@3ca5da54, org.springframework.security.web.servletapi.SecurityContextHolderAwareRequestFilter@57a0aeb8, org.springframework.security.web.authentication.AnonymousAuthenticationFilter@758ac46, org.springframework.security.web.session.SessionManagementFilter@288915a1, org.springframework.security.web.access.ExceptionTranslationFilter@61627c9d, org.springframework.security.web.access.intercept.FilterSecurityInterceptor@3eadfbbb, com.example.authservice.config.JwtBlackListAuthenticationConfig@580902cd]
2022-Oct-13 17:35:14.506 [main] WARN  o.s.b.a.o.j.JpaBaseConfiguration$JpaWebConfiguration - spring.jpa.open-in-view is enabled by default. Therefore, database queries may be performed during view rendering. Explicitly configure spring.jpa.open-in-view to disable this warning
2022-Oct-13 17:35:15.313 [main] INFO  o.s.c.n.e.c.DiscoveryClientOptionalArgsConfiguration - Eureka HTTP Client uses RestTemplate.
2022-Oct-13 17:35:15.557 [main] WARN  o.s.c.l.c.LoadBalancerCacheAutoConfiguration$LoadBalancerCaffeineWarnLogger - Spring Cloud LoadBalancer is currently working with the default cache. While this cache implementation is useful for development and tests, it's recommended to use Caffeine cache in production.You can switch to using Caffeine cache, by adding it and org.springframework.cache.caffeine.CaffeineCacheManager to the classpath.
2022-Oct-13 17:35:15.638 [main] INFO  o.s.c.n.e.InstanceInfoFactory                      - Setting initial instance status as: STARTING
2022-Oct-13 17:35:15.676 [main] INFO  c.n.d.DiscoveryClient                              - Initializing Eureka in region us-east-1
2022-Oct-13 17:35:15.680 [main] INFO  c.n.d.s.r.a.ConfigClusterResolver                  - Resolving eureka endpoints via configuration
2022-Oct-13 17:35:15.706 [main] INFO  c.n.d.DiscoveryClient                              - Disable delta property : false
2022-Oct-13 17:35:15.706 [main] INFO  c.n.d.DiscoveryClient                              - Single vip registry refresh property : null
2022-Oct-13 17:35:15.707 [main] INFO  c.n.d.DiscoveryClient                              - Force full registry fetch : false
2022-Oct-13 17:35:15.707 [main] INFO  c.n.d.DiscoveryClient                              - Application is null : false
2022-Oct-13 17:35:15.707 [main] INFO  c.n.d.DiscoveryClient                              - Registered Applications size is zero : true
2022-Oct-13 17:35:15.707 [main] INFO  c.n.d.DiscoveryClient                              - Application version is -1: true
2022-Oct-13 17:35:15.707 [main] INFO  c.n.d.DiscoveryClient                              - Getting all instance registry info from the eureka server
2022-Oct-13 17:35:16.014 [main] INFO  c.n.d.DiscoveryClient                              - The response status is 200
2022-Oct-13 17:35:16.018 [main] INFO  c.n.d.DiscoveryClient                              - Starting heartbeat executor: renew interval is: 30
2022-Oct-13 17:35:16.021 [main] INFO  c.n.d.InstanceInfoReplicator                       - InstanceInfoReplicator onDemand update allowed rate per min is 4
2022-Oct-13 17:35:16.026 [main] INFO  c.n.d.DiscoveryClient                              - Discovery Client initialized at timestamp 1665657316025 with initial instances count: 2
2022-Oct-13 17:35:16.033 [main] INFO  o.s.c.n.e.s.EurekaServiceRegistry                  - Registering application AUTH-SERVER with eureka with status UP
2022-Oct-13 17:35:16.034 [main] INFO  c.n.d.DiscoveryClient                              - Saw local status change event StatusChangeEvent [timestamp=1665657316034, current=UP, previous=STARTING]
2022-Oct-13 17:35:16.037 [DiscoveryClient-InstanceInfoReplicator-0] INFO  c.n.d.DiscoveryClient                              - DiscoveryClient_AUTH-SERVER/10.51.9.79:auth-server:9100: registering service...
2022-Oct-13 17:35:16.038 [main] INFO  o.a.c.h.Http11NioProtocol                          - Starting ProtocolHandler ["http-nio-9100"]
2022-Oct-13 17:35:16.067 [main] INFO  o.s.b.w.e.t.TomcatWebServer                        - Tomcat started on port(s): 9100 (http) with context path ''
2022-Oct-13 17:35:16.069 [main] INFO  o.s.c.n.e.s.EurekaAutoServiceRegistration          - Updating port to 9100
2022-Oct-13 17:35:16.091 [DiscoveryClient-InstanceInfoReplicator-0] INFO  c.n.d.DiscoveryClient                              - DiscoveryClient_AUTH-SERVER/10.51.9.79:auth-server:9100 - registration status: 204
2022-Oct-13 17:35:16.226 [main] INFO  c.e.a.AuthServiceApplication                       - Started AuthServiceApplication in 7.368 seconds (JVM running for 9.243)
2022-Oct-13 17:35:24.209 [http-nio-9100-exec-1] INFO  o.a.c.c.C.[.[.[/]                                  - Initializing Spring DispatcherServlet 'dispatcherServlet'
2022-Oct-13 17:35:24.209 [http-nio-9100-exec-1] INFO  o.s.w.s.DispatcherServlet                          - Initializing Servlet 'dispatcherServlet'
2022-Oct-13 17:35:24.211 [http-nio-9100-exec-1] INFO  o.s.w.s.DispatcherServlet                          - Completed initialization in 2 ms
2022-Oct-13 17:35:24.257 [http-nio-9100-exec-1] INFO  c.e.a.c.AuthController                             - log4j2 ............................
2022-Oct-13 17:35:24.269 [http-nio-9100-exec-1] ERROR o.a.c.c.C.[.[.[.[dispatcherServlet]                - Servlet.service() for servlet [dispatcherServlet] in context with path [] threw exception [Request processing failed; nested exception is java.lang.Exception: Test log] with root cause
java.lang.Exception: Test log
	at com.example.authservice.controller.AuthController.home(AuthController.java:51) ~[classes/:?]
	at jdk.internal.reflect.NativeMethodAccessorImpl.invoke0(Native Method) ~[?:?]
	at jdk.internal.reflect.NativeMethodAccessorImpl.invoke(NativeMethodAccessorImpl.java:77) ~[?:?]
	at jdk.internal.reflect.DelegatingMethodAccessorImpl.invoke(DelegatingMethodAccessorImpl.java:43) ~[?:?]
	at java.lang.reflect.Method.invoke(Method.java:568) ~[?:?]
	at org.springframework.web.method.support.InvocableHandlerMethod.doInvoke(InvocableHandlerMethod.java:205) ~[spring-web-5.3.23.jar:5.3.23]
	at org.springframework.web.method.support.InvocableHandlerMethod.invokeForRequest(InvocableHandlerMethod.java:150) ~[spring-web-5.3.23.jar:5.3.23]
	at org.springframework.web.servlet.mvc.method.annotation.ServletInvocableHandlerMethod.invokeAndHandle(ServletInvocableHandlerMethod.java:117) ~[spring-webmvc-5.3.23.jar:5.3.23]
	at org.springframework.web.servlet.mvc.method.annotation.RequestMappingHandlerAdapter.invokeHandlerMethod(RequestMappingHandlerAdapter.java:895) ~[spring-webmvc-5.3.23.jar:5.3.23]
	at org.springframework.web.servlet.mvc.method.annotation.RequestMappingHandlerAdapter.handleInternal(RequestMappingHandlerAdapter.java:808) ~[spring-webmvc-5.3.23.jar:5.3.23]
	at org.springframework.web.servlet.mvc.method.AbstractHandlerMethodAdapter.handle(AbstractHandlerMethodAdapter.java:87) ~[spring-webmvc-5.3.23.jar:5.3.23]
	at org.springframework.web.servlet.DispatcherServlet.doDispatch(DispatcherServlet.java:1071) ~[spring-webmvc-5.3.23.jar:5.3.23]
	at org.springframework.web.servlet.DispatcherServlet.doService(DispatcherServlet.java:964) ~[spring-webmvc-5.3.23.jar:5.3.23]
	at org.springframework.web.servlet.FrameworkServlet.processRequest(FrameworkServlet.java:1006) ~[spring-webmvc-5.3.23.jar:5.3.23]
	at org.springframework.web.servlet.FrameworkServlet.doGet(FrameworkServlet.java:898) ~[spring-webmvc-5.3.23.jar:5.3.23]
	at javax.servlet.http.HttpServlet.service(HttpServlet.java:655) ~[tomcat-embed-core-9.0.65.jar:4.0.FR]
	at org.springframework.web.servlet.FrameworkServlet.service(FrameworkServlet.java:883) ~[spring-webmvc-5.3.23.jar:5.3.23]
	at javax.servlet.http.HttpServlet.service(HttpServlet.java:764) ~[tomcat-embed-core-9.0.65.jar:4.0.FR]
	at org.apache.catalina.core.ApplicationFilterChain.internalDoFilter(ApplicationFilterChain.java:227) ~[tomcat-embed-core-9.0.65.jar:9.0.65]
	at org.apache.catalina.core.ApplicationFilterChain.doFilter(ApplicationFilterChain.java:162) ~[tomcat-embed-core-9.0.65.jar:9.0.65]
	at org.apache.tomcat.websocket.server.WsFilter.doFilter(WsFilter.java:53) ~[tomcat-embed-websocket-9.0.65.jar:9.0.65]
	at org.apache.catalina.core.ApplicationFilterChain.internalDoFilter(ApplicationFilterChain.java:189) ~[tomcat-embed-core-9.0.65.jar:9.0.65]
	at org.apache.catalina.core.ApplicationFilterChain.doFilter(ApplicationFilterChain.java:162) ~[tomcat-embed-core-9.0.65.jar:9.0.65]
	at com.example.authservice.config.JwtBlackListAuthenticationConfig.doFilter(JwtBlackListAuthenticationConfig.java:42) ~[classes/:?]
	at org.apache.catalina.core.ApplicationFilterChain.internalDoFilter(ApplicationFilterChain.java:189) ~[tomcat-embed-core-9.0.65.jar:9.0.65]
	at org.apache.catalina.core.ApplicationFilterChain.doFilter(ApplicationFilterChain.java:162) ~[tomcat-embed-core-9.0.65.jar:9.0.65]
	at org.springframework.security.web.FilterChainProxy$VirtualFilterChain.doFilter(FilterChainProxy.java:337) ~[spring-security-web-5.7.3.jar:5.7.3]
	at com.example.authservice.config.JwtBlackListAuthenticationConfig.doFilter(JwtBlackListAuthenticationConfig.java:42) ~[classes/:?]
	at org.springframework.security.web.FilterChainProxy$VirtualFilterChain.doFilter(FilterChainProxy.java:346) ~[spring-security-web-5.7.3.jar:5.7.3]
	at org.springframework.security.web.access.intercept.FilterSecurityInterceptor.invoke(FilterSecurityInterceptor.java:115) ~[spring-security-web-5.7.3.jar:5.7.3]
	at org.springframework.security.web.access.intercept.FilterSecurityInterceptor.doFilter(FilterSecurityInterceptor.java:81) ~[spring-security-web-5.7.3.jar:5.7.3]
	at org.springframework.security.web.FilterChainProxy$VirtualFilterChain.doFilter(FilterChainProxy.java:346) ~[spring-security-web-5.7.3.jar:5.7.3]
	at org.springframework.security.web.access.ExceptionTranslationFilter.doFilter(ExceptionTranslationFilter.java:122) ~[spring-security-web-5.7.3.jar:5.7.3]
	at org.springframework.security.web.access.ExceptionTranslationFilter.doFilter(ExceptionTranslationFilter.java:116) ~[spring-security-web-5.7.3.jar:5.7.3]
	at org.springframework.security.web.FilterChainProxy$VirtualFilterChain.doFilter(FilterChainProxy.java:346) ~[spring-security-web-5.7.3.jar:5.7.3]
	at org.springframework.security.web.session.SessionManagementFilter.doFilter(SessionManagementFilter.java:126) ~[spring-security-web-5.7.3.jar:5.7.3]
	at org.springframework.security.web.session.SessionManagementFilter.doFilter(SessionManagementFilter.java:81) ~[spring-security-web-5.7.3.jar:5.7.3]
	at org.springframework.security.web.FilterChainProxy$VirtualFilterChain.doFilter(FilterChainProxy.java:346) ~[spring-security-web-5.7.3.jar:5.7.3]
	at org.springframework.security.web.authentication.AnonymousAuthenticationFilter.doFilter(AnonymousAuthenticationFilter.java:109) ~[spring-security-web-5.7.3.jar:5.7.3]
	at org.springframework.security.web.FilterChainProxy$VirtualFilterChain.doFilter(FilterChainProxy.java:346) ~[spring-security-web-5.7.3.jar:5.7.3]
	at org.springframework.security.web.servletapi.SecurityContextHolderAwareRequestFilter.doFilter(SecurityContextHolderAwareRequestFilter.java:149) ~[spring-security-web-5.7.3.jar:5.7.3]
	at org.springframework.security.web.FilterChainProxy$VirtualFilterChain.doFilter(FilterChainProxy.java:346) ~[spring-security-web-5.7.3.jar:5.7.3]
	at org.springframework.security.web.savedrequest.RequestCacheAwareFilter.doFilter(RequestCacheAwareFilter.java:63) ~[spring-security-web-5.7.3.jar:5.7.3]
	at org.springframework.security.web.FilterChainProxy$VirtualFilterChain.doFilter(FilterChainProxy.java:346) ~[spring-security-web-5.7.3.jar:5.7.3]
	at org.springframework.security.oauth2.server.resource.web.BearerTokenAuthenticationFilter.doFilterInternal(BearerTokenAuthenticationFilter.java:125) ~[spring-security-oauth2-resource-server-5.7.3.jar:5.7.3]
	at org.springframework.web.filter.OncePerRequestFilter.doFilter(OncePerRequestFilter.java:117) ~[spring-web-5.3.23.jar:5.3.23]
	at org.springframework.security.web.FilterChainProxy$VirtualFilterChain.doFilter(FilterChainProxy.java:346) ~[spring-security-web-5.7.3.jar:5.7.3]
	at org.springframework.security.web.authentication.logout.LogoutFilter.doFilter(LogoutFilter.java:103) ~[spring-security-web-5.7.3.jar:5.7.3]
	at org.springframework.security.web.authentication.logout.LogoutFilter.doFilter(LogoutFilter.java:89) ~[spring-security-web-5.7.3.jar:5.7.3]
	at org.springframework.security.web.FilterChainProxy$VirtualFilterChain.doFilter(FilterChainProxy.java:346) ~[spring-security-web-5.7.3.jar:5.7.3]
	at org.springframework.security.web.header.HeaderWriterFilter.doHeadersAfter(HeaderWriterFilter.java:90) ~[spring-security-web-5.7.3.jar:5.7.3]
	at org.springframework.security.web.header.HeaderWriterFilter.doFilterInternal(HeaderWriterFilter.java:75) ~[spring-security-web-5.7.3.jar:5.7.3]
	at org.springframework.web.filter.OncePerRequestFilter.doFilter(OncePerRequestFilter.java:117) ~[spring-web-5.3.23.jar:5.3.23]
	at org.springframework.security.web.FilterChainProxy$VirtualFilterChain.doFilter(FilterChainProxy.java:346) ~[spring-security-web-5.7.3.jar:5.7.3]
	at org.springframework.security.web.context.SecurityContextPersistenceFilter.doFilter(SecurityContextPersistenceFilter.java:112) ~[spring-security-web-5.7.3.jar:5.7.3]
	at org.springframework.security.web.context.SecurityContextPersistenceFilter.doFilter(SecurityContextPersistenceFilter.java:82) ~[spring-security-web-5.7.3.jar:5.7.3]
	at org.springframework.security.web.FilterChainProxy$VirtualFilterChain.doFilter(FilterChainProxy.java:346) ~[spring-security-web-5.7.3.jar:5.7.3]
	at org.springframework.security.web.context.request.async.WebAsyncManagerIntegrationFilter.doFilterInternal(WebAsyncManagerIntegrationFilter.java:55) ~[spring-security-web-5.7.3.jar:5.7.3]
	at org.springframework.web.filter.OncePerRequestFilter.doFilter(OncePerRequestFilter.java:117) ~[spring-web-5.3.23.jar:5.3.23]
	at org.springframework.security.web.FilterChainProxy$VirtualFilterChain.doFilter(FilterChainProxy.java:346) ~[spring-security-web-5.7.3.jar:5.7.3]
	at org.springframework.security.web.session.DisableEncodeUrlFilter.doFilterInternal(DisableEncodeUrlFilter.java:42) ~[spring-security-web-5.7.3.jar:5.7.3]
	at org.springframework.web.filter.OncePerRequestFilter.doFilter(OncePerRequestFilter.java:117) ~[spring-web-5.3.23.jar:5.3.23]
	at org.springframework.security.web.FilterChainProxy$VirtualFilterChain.doFilter(FilterChainProxy.java:346) ~[spring-security-web-5.7.3.jar:5.7.3]
	at org.springframework.security.web.FilterChainProxy.doFilterInternal(FilterChainProxy.java:221) ~[spring-security-web-5.7.3.jar:5.7.3]
	at org.springframework.security.web.FilterChainProxy.doFilter(FilterChainProxy.java:186) ~[spring-security-web-5.7.3.jar:5.7.3]
	at org.springframework.web.filter.DelegatingFilterProxy.invokeDelegate(DelegatingFilterProxy.java:354) ~[spring-web-5.3.23.jar:5.3.23]
	at org.springframework.web.filter.DelegatingFilterProxy.doFilter(DelegatingFilterProxy.java:267) ~[spring-web-5.3.23.jar:5.3.23]
	at org.apache.catalina.core.ApplicationFilterChain.internalDoFilter(ApplicationFilterChain.java:189) ~[tomcat-embed-core-9.0.65.jar:9.0.65]
	at org.apache.catalina.core.ApplicationFilterChain.doFilter(ApplicationFilterChain.java:162) ~[tomcat-embed-core-9.0.65.jar:9.0.65]
	at org.springframework.web.filter.RequestContextFilter.doFilterInternal(RequestContextFilter.java:100) ~[spring-web-5.3.23.jar:5.3.23]
	at org.springframework.web.filter.OncePerRequestFilter.doFilter(OncePerRequestFilter.java:117) ~[spring-web-5.3.23.jar:5.3.23]
	at org.apache.catalina.core.ApplicationFilterChain.internalDoFilter(ApplicationFilterChain.java:189) ~[tomcat-embed-core-9.0.65.jar:9.0.65]
	at org.apache.catalina.core.ApplicationFilterChain.doFilter(ApplicationFilterChain.java:162) ~[tomcat-embed-core-9.0.65.jar:9.0.65]
	at org.springframework.web.filter.FormContentFilter.doFilterInternal(FormContentFilter.java:93) ~[spring-web-5.3.23.jar:5.3.23]
	at org.springframework.web.filter.OncePerRequestFilter.doFilter(OncePerRequestFilter.java:117) ~[spring-web-5.3.23.jar:5.3.23]
	at org.apache.catalina.core.ApplicationFilterChain.internalDoFilter(ApplicationFilterChain.java:189) ~[tomcat-embed-core-9.0.65.jar:9.0.65]
	at org.apache.catalina.core.ApplicationFilterChain.doFilter(ApplicationFilterChain.java:162) ~[tomcat-embed-core-9.0.65.jar:9.0.65]
	at org.springframework.web.filter.CharacterEncodingFilter.doFilterInternal(CharacterEncodingFilter.java:201) ~[spring-web-5.3.23.jar:5.3.23]
	at org.springframework.web.filter.OncePerRequestFilter.doFilter(OncePerRequestFilter.java:117) ~[spring-web-5.3.23.jar:5.3.23]
	at org.apache.catalina.core.ApplicationFilterChain.internalDoFilter(ApplicationFilterChain.java:189) ~[tomcat-embed-core-9.0.65.jar:9.0.65]
	at org.apache.catalina.core.ApplicationFilterChain.doFilter(ApplicationFilterChain.java:162) ~[tomcat-embed-core-9.0.65.jar:9.0.65]
	at org.apache.catalina.core.StandardWrapperValve.invoke(StandardWrapperValve.java:197) ~[tomcat-embed-core-9.0.65.jar:9.0.65]
	at org.apache.catalina.core.StandardContextValve.invoke(StandardContextValve.java:97) ~[tomcat-embed-core-9.0.65.jar:9.0.65]
	at org.apache.catalina.authenticator.AuthenticatorBase.invoke(AuthenticatorBase.java:541) ~[tomcat-embed-core-9.0.65.jar:9.0.65]
	at org.apache.catalina.core.StandardHostValve.invoke(StandardHostValve.java:135) ~[tomcat-embed-core-9.0.65.jar:9.0.65]
	at org.apache.catalina.valves.ErrorReportValve.invoke(ErrorReportValve.java:92) ~[tomcat-embed-core-9.0.65.jar:9.0.65]
	at org.apache.catalina.core.StandardEngineValve.invoke(StandardEngineValve.java:78) ~[tomcat-embed-core-9.0.65.jar:9.0.65]
	at org.apache.catalina.connector.CoyoteAdapter.service(CoyoteAdapter.java:360) ~[tomcat-embed-core-9.0.65.jar:9.0.65]
	at org.apache.coyote.http11.Http11Processor.service(Http11Processor.java:399) ~[tomcat-embed-core-9.0.65.jar:9.0.65]
	at org.apache.coyote.AbstractProcessorLight.process(AbstractProcessorLight.java:65) ~[tomcat-embed-core-9.0.65.jar:9.0.65]
	at org.apache.coyote.AbstractProtocol$ConnectionHandler.process(AbstractProtocol.java:890) ~[tomcat-embed-core-9.0.65.jar:9.0.65]
	at org.apache.tomcat.util.net.NioEndpoint$SocketProcessor.doRun(NioEndpoint.java:1789) ~[tomcat-embed-core-9.0.65.jar:9.0.65]
	at org.apache.tomcat.util.net.SocketProcessorBase.run(SocketProcessorBase.java:49) ~[tomcat-embed-core-9.0.65.jar:9.0.65]
	at org.apache.tomcat.util.threads.ThreadPoolExecutor.runWorker(ThreadPoolExecutor.java:1191) ~[tomcat-embed-core-9.0.65.jar:9.0.65]
	at org.apache.tomcat.util.threads.ThreadPoolExecutor$Worker.run(ThreadPoolExecutor.java:659) ~[tomcat-embed-core-9.0.65.jar:9.0.65]
	at org.apache.tomcat.util.threads.TaskThread$WrappingRunnable.run(TaskThread.java:61) ~[tomcat-embed-core-9.0.65.jar:9.0.65]
	at java.lang.Thread.run(Thread.java:833) ~[?:?]
2022-Oct-13 17:36:41.227 [SpringApplicationShutdownHook] INFO  o.s.c.n.e.s.EurekaServiceRegistry                  - Unregistering application AUTH-SERVER with eureka with status DOWN
2022-Oct-13 17:36:41.228 [SpringApplicationShutdownHook] INFO  c.n.d.DiscoveryClient                              - Saw local status change event StatusChangeEvent [timestamp=1665657401228, current=DOWN, previous=UP]
2022-Oct-13 17:36:41.229 [DiscoveryClient-InstanceInfoReplicator-0] INFO  c.n.d.DiscoveryClient                              - DiscoveryClient_AUTH-SERVER/10.51.9.79:auth-server:9100: registering service...
2022-Oct-13 17:36:41.235 [DiscoveryClient-InstanceInfoReplicator-0] INFO  c.n.d.DiscoveryClient                              - DiscoveryClient_AUTH-SERVER/10.51.9.79:auth-server:9100 - registration status: 204
2022-Oct-13 17:36:41.387 [SpringApplicationShutdownHook] INFO  o.s.o.j.LocalContainerEntityManagerFactoryBean     - Closing JPA EntityManagerFactory for persistence unit 'default'
2022-Oct-13 17:36:41.389 [SpringApplicationShutdownHook] INFO  c.z.h.HikariDataSource                             - HikariPool-1 - Shutdown initiated...
2022-Oct-13 17:36:41.398 [SpringApplicationShutdownHook] INFO  c.z.h.HikariDataSource                             - HikariPool-1 - Shutdown completed.
2022-Oct-13 17:36:41.399 [SpringApplicationShutdownHook] INFO  c.n.d.DiscoveryClient                              - Shutting down DiscoveryClient ...
2022-Oct-13 17:36:44.409 [SpringApplicationShutdownHook] INFO  c.n.d.DiscoveryClient                              - Unregistering ...
2022-Oct-13 17:36:44.415 [SpringApplicationShutdownHook] INFO  c.n.d.DiscoveryClient                              - DiscoveryClient_AUTH-SERVER/10.51.9.79:auth-server:9100 - deregister  status: 200
2022-Oct-13 17:36:44.427 [SpringApplicationShutdownHook] INFO  c.n.d.DiscoveryClient                              - Completed shut down of DiscoveryClient
2022-Oct-13 17:36:56.106 [main] INFO  c.e.a.AuthServiceApplication                       - Starting AuthServiceApplication using Java 17.0.4.1 on Hieu with PID 9712 (D:\Disk-D\uni\microservice\Auth-Service\target\classes started by caheo in D:\Disk-D\uni\microservice)
2022-Oct-13 17:36:56.120 [main] INFO  c.e.a.AuthServiceApplication                       - No active profile set, falling back to 1 default profile: "default"
2022-Oct-13 17:36:57.331 [main] INFO  o.s.d.r.c.RepositoryConfigurationDelegate          - Multiple Spring Data modules found, entering strict repository configuration mode
2022-Oct-13 17:36:57.331 [main] INFO  o.s.d.r.c.RepositoryConfigurationDelegate          - Bootstrapping Spring Data JPA repositories in DEFAULT mode.
2022-Oct-13 17:36:57.413 [main] INFO  o.s.d.r.c.RepositoryConfigurationDelegate          - Finished Spring Data repository scanning in 72 ms. Found 3 JPA repository interfaces.
2022-Oct-13 17:36:57.449 [main] INFO  o.s.d.r.c.RepositoryConfigurationDelegate          - Multiple Spring Data modules found, entering strict repository configuration mode
2022-Oct-13 17:36:57.450 [main] INFO  o.s.d.r.c.RepositoryConfigurationDelegate          - Bootstrapping Spring Data Redis repositories in DEFAULT mode.
2022-Oct-13 17:36:57.481 [main] INFO  o.s.d.r.c.RepositoryConfigurationExtensionSupport  - Spring Data Redis - Could not safely identify store assignment for repository candidate interface com.example.authservice.repository.PrivilegeRepository; If you want this repository to be a Redis repository, consider annotating your entities with one of these annotations: org.springframework.data.redis.core.RedisHash (preferred), or consider extending one of the following types with your repository: org.springframework.data.keyvalue.repository.KeyValueRepository
2022-Oct-13 17:36:57.483 [main] INFO  o.s.d.r.c.RepositoryConfigurationExtensionSupport  - Spring Data Redis - Could not safely identify store assignment for repository candidate interface com.example.authservice.repository.RoleRepository; If you want this repository to be a Redis repository, consider annotating your entities with one of these annotations: org.springframework.data.redis.core.RedisHash (preferred), or consider extending one of the following types with your repository: org.springframework.data.keyvalue.repository.KeyValueRepository
2022-Oct-13 17:36:57.484 [main] INFO  o.s.d.r.c.RepositoryConfigurationExtensionSupport  - Spring Data Redis - Could not safely identify store assignment for repository candidate interface com.example.authservice.repository.UserRepository; If you want this repository to be a Redis repository, consider annotating your entities with one of these annotations: org.springframework.data.redis.core.RedisHash (preferred), or consider extending one of the following types with your repository: org.springframework.data.keyvalue.repository.KeyValueRepository
2022-Oct-13 17:36:57.485 [main] INFO  o.s.d.r.c.RepositoryConfigurationDelegate          - Finished Spring Data repository scanning in 25 ms. Found 0 Redis repository interfaces.
2022-Oct-13 17:36:57.814 [main] INFO  o.s.c.c.s.GenericScope                             - BeanFactory id=b894028a-d3b3-3801-8c01-2e6ac6d83dae
2022-Oct-13 17:36:58.245 [main] INFO  o.s.b.w.e.t.TomcatWebServer                        - Tomcat initialized with port(s): 9100 (http)
2022-Oct-13 17:36:58.261 [main] INFO  o.a.c.h.Http11NioProtocol                          - Initializing ProtocolHandler ["http-nio-9100"]
2022-Oct-13 17:36:58.262 [main] INFO  o.a.c.c.StandardService                            - Starting service [Tomcat]
2022-Oct-13 17:36:58.263 [main] INFO  o.a.c.c.StandardEngine                             - Starting Servlet engine: [Apache Tomcat/9.0.65]
2022-Oct-13 17:36:58.419 [main] INFO  o.a.c.c.C.[.[.[/]                                  - Initializing Spring embedded WebApplicationContext
2022-Oct-13 17:36:58.420 [main] INFO  o.s.b.w.s.c.ServletWebServerApplicationContext     - Root WebApplicationContext: initialization completed in 2240 ms
2022-Oct-13 17:36:58.669 [main] INFO  o.h.j.i.u.LogHelper                                - HHH000204: Processing PersistenceUnitInfo [name: default]
2022-Oct-13 17:36:58.721 [main] INFO  o.h.Version                                        - HHH000412: Hibernate ORM core version 5.6.11.Final
2022-Oct-13 17:36:58.877 [main] INFO  o.h.a.c.Version                                    - HCANN000001: Hibernate Commons Annotations {5.1.2.Final}
2022-Oct-13 17:36:59.003 [main] INFO  c.z.h.HikariDataSource                             - HikariPool-1 - Starting...
2022-Oct-13 17:36:59.321 [main] INFO  c.z.h.HikariDataSource                             - HikariPool-1 - Start completed.
2022-Oct-13 17:36:59.337 [main] INFO  o.h.d.Dialect                                      - HHH000400: Using dialect: org.hibernate.dialect.MySQL8Dialect
2022-Oct-13 17:37:00.451 [main] INFO  o.h.e.t.j.p.i.JtaPlatformInitiator                 - HHH000490: Using JtaPlatform implementation: [org.hibernate.engine.transaction.jta.platform.internal.NoJtaPlatform]
2022-Oct-13 17:37:00.462 [main] INFO  o.s.o.j.LocalContainerEntityManagerFactoryBean     - Initialized JPA EntityManagerFactory for persistence unit 'default'
2022-Oct-13 17:37:01.011 [main] INFO  c.e.a.s.KeyUtils                                   - loading keys from file: access-refresh-token-keys/access-token-public.key, access-refresh-token-keys/access-token-private.key
2022-Oct-13 17:37:01.032 [main] INFO  c.e.a.s.KeyUtils                                   - loading keys from file: access-refresh-token-keys/refresh-token-public.key, access-refresh-token-keys/refresh-token-private.key
2022-Oct-13 17:37:01.442 [main] INFO  o.s.s.w.DefaultSecurityFilterChain                 - Will secure any request with [org.springframework.security.web.session.DisableEncodeUrlFilter@498f1f63, org.springframework.security.web.context.request.async.WebAsyncManagerIntegrationFilter@6250d33c, org.springframework.security.web.context.SecurityContextPersistenceFilter@56017274, org.springframework.security.web.header.HeaderWriterFilter@45a4587d, org.springframework.security.web.authentication.logout.LogoutFilter@743b7025, org.springframework.security.oauth2.server.resource.web.BearerTokenAuthenticationFilter@4d2f8ee7, org.springframework.security.web.savedrequest.RequestCacheAwareFilter@23adbd6b, org.springframework.security.web.servletapi.SecurityContextHolderAwareRequestFilter@11d0bff5, org.springframework.security.web.authentication.AnonymousAuthenticationFilter@2a7b4bb6, org.springframework.security.web.session.SessionManagementFilter@45f70f68, org.springframework.security.web.access.ExceptionTranslationFilter@ef59aee, org.springframework.security.web.access.intercept.FilterSecurityInterceptor@682270ff, com.example.authservice.config.JwtBlackListAuthenticationConfig@7ab2a07e]
2022-Oct-13 17:37:01.509 [main] WARN  o.s.b.a.o.j.JpaBaseConfiguration$JpaWebConfiguration - spring.jpa.open-in-view is enabled by default. Therefore, database queries may be performed during view rendering. Explicitly configure spring.jpa.open-in-view to disable this warning
2022-Oct-13 17:37:02.377 [main] INFO  o.s.c.n.e.c.DiscoveryClientOptionalArgsConfiguration - Eureka HTTP Client uses RestTemplate.
2022-Oct-13 17:37:02.630 [main] WARN  o.s.c.l.c.LoadBalancerCacheAutoConfiguration$LoadBalancerCaffeineWarnLogger - Spring Cloud LoadBalancer is currently working with the default cache. While this cache implementation is useful for development and tests, it's recommended to use Caffeine cache in production.You can switch to using Caffeine cache, by adding it and org.springframework.cache.caffeine.CaffeineCacheManager to the classpath.
2022-Oct-13 17:37:02.713 [main] INFO  o.s.c.n.e.InstanceInfoFactory                      - Setting initial instance status as: STARTING
2022-Oct-13 17:37:02.760 [main] INFO  c.n.d.DiscoveryClient                              - Initializing Eureka in region us-east-1
2022-Oct-13 17:37:02.764 [main] INFO  c.n.d.s.r.a.ConfigClusterResolver                  - Resolving eureka endpoints via configuration
2022-Oct-13 17:37:02.795 [main] INFO  c.n.d.DiscoveryClient                              - Disable delta property : false
2022-Oct-13 17:37:02.796 [main] INFO  c.n.d.DiscoveryClient                              - Single vip registry refresh property : null
2022-Oct-13 17:37:02.796 [main] INFO  c.n.d.DiscoveryClient                              - Force full registry fetch : false
2022-Oct-13 17:37:02.796 [main] INFO  c.n.d.DiscoveryClient                              - Application is null : false
2022-Oct-13 17:37:02.796 [main] INFO  c.n.d.DiscoveryClient                              - Registered Applications size is zero : true
2022-Oct-13 17:37:02.796 [main] INFO  c.n.d.DiscoveryClient                              - Application version is -1: true
2022-Oct-13 17:37:02.796 [main] INFO  c.n.d.DiscoveryClient                              - Getting all instance registry info from the eureka server
2022-Oct-13 17:37:03.110 [main] INFO  c.n.d.DiscoveryClient                              - The response status is 200
2022-Oct-13 17:37:03.114 [main] INFO  c.n.d.DiscoveryClient                              - Starting heartbeat executor: renew interval is: 30
2022-Oct-13 17:37:03.117 [main] INFO  c.n.d.InstanceInfoReplicator                       - InstanceInfoReplicator onDemand update allowed rate per min is 4
2022-Oct-13 17:37:03.123 [main] INFO  c.n.d.DiscoveryClient                              - Discovery Client initialized at timestamp 1665657423122 with initial instances count: 3
2022-Oct-13 17:37:03.127 [main] INFO  o.s.c.n.e.s.EurekaServiceRegistry                  - Registering application AUTH-SERVER with eureka with status UP
2022-Oct-13 17:37:03.127 [main] INFO  c.n.d.DiscoveryClient                              - Saw local status change event StatusChangeEvent [timestamp=1665657423127, current=UP, previous=STARTING]
2022-Oct-13 17:37:03.129 [DiscoveryClient-InstanceInfoReplicator-0] INFO  c.n.d.DiscoveryClient                              - DiscoveryClient_AUTH-SERVER/10.51.9.79:auth-server:9100: registering service...
2022-Oct-13 17:37:03.131 [main] INFO  o.a.c.h.Http11NioProtocol                          - Starting ProtocolHandler ["http-nio-9100"]
2022-Oct-13 17:37:03.161 [main] INFO  o.s.b.w.e.t.TomcatWebServer                        - Tomcat started on port(s): 9100 (http) with context path ''
2022-Oct-13 17:37:03.163 [main] INFO  o.s.c.n.e.s.EurekaAutoServiceRegistration          - Updating port to 9100
2022-Oct-13 17:37:03.187 [DiscoveryClient-InstanceInfoReplicator-0] INFO  c.n.d.DiscoveryClient                              - DiscoveryClient_AUTH-SERVER/10.51.9.79:auth-server:9100 - registration status: 204
2022-Oct-13 17:37:03.325 [main] INFO  c.e.a.AuthServiceApplication                       - Started AuthServiceApplication in 8.025 seconds (JVM running for 9.706)
2022-Oct-13 17:42:02.805 [AsyncResolver-bootstrap-executor-0] INFO  c.n.d.s.r.a.ConfigClusterResolver                  - Resolving eureka endpoints via configuration
2022-Oct-13 17:47:02.811 [AsyncResolver-bootstrap-executor-0] INFO  c.n.d.s.r.a.ConfigClusterResolver                  - Resolving eureka endpoints via configuration
2022-Oct-13 17:52:02.824 [AsyncResolver-bootstrap-executor-0] INFO  c.n.d.s.r.a.ConfigClusterResolver                  - Resolving eureka endpoints via configuration
2022-Oct-13 17:57:02.838 [AsyncResolver-bootstrap-executor-0] INFO  c.n.d.s.r.a.ConfigClusterResolver                  - Resolving eureka endpoints via configuration
2022-Oct-13 18:02:03.127 [AsyncResolver-bootstrap-executor-0] INFO  c.n.d.s.r.a.ConfigClusterResolver                  - Resolving eureka endpoints via configuration
2022-Oct-13 18:05:11.857 [SpringApplicationShutdownHook] INFO  o.s.c.n.e.s.EurekaServiceRegistry                  - Unregistering application AUTH-SERVER with eureka with status DOWN
2022-Oct-13 18:05:11.860 [SpringApplicationShutdownHook] INFO  c.n.d.DiscoveryClient                              - Saw local status change event StatusChangeEvent [timestamp=1665659111859, current=DOWN, previous=UP]
2022-Oct-13 18:05:11.863 [DiscoveryClient-InstanceInfoReplicator-0] INFO  c.n.d.DiscoveryClient                              - DiscoveryClient_AUTH-SERVER/10.51.9.79:auth-server:9100: registering service...
2022-Oct-13 18:05:11.900 [DiscoveryClient-InstanceInfoReplicator-0] INFO  c.n.d.DiscoveryClient                              - DiscoveryClient_AUTH-SERVER/10.51.9.79:auth-server:9100 - registration status: 204
2022-Oct-13 18:05:13.359 [SpringApplicationShutdownHook] INFO  o.s.o.j.LocalContainerEntityManagerFactoryBean     - Closing JPA EntityManagerFactory for persistence unit 'default'
2022-Oct-13 18:05:13.412 [SpringApplicationShutdownHook] INFO  c.z.h.HikariDataSource                             - HikariPool-1 - Shutdown initiated...
2022-Oct-13 18:05:13.591 [SpringApplicationShutdownHook] INFO  c.z.h.HikariDataSource                             - HikariPool-1 - Shutdown completed.
2022-Oct-13 18:05:13.600 [SpringApplicationShutdownHook] INFO  c.n.d.DiscoveryClient                              - Shutting down DiscoveryClient ...
2022-Oct-13 18:05:16.626 [SpringApplicationShutdownHook] INFO  c.n.d.DiscoveryClient                              - Unregistering ...
2022-Oct-13 18:05:16.727 [SpringApplicationShutdownHook] INFO  c.n.d.s.t.d.RedirectingEurekaHttpClient            - Request execution error. endpoint=DefaultEndpoint{ serviceUrl='http://localhost:8761/eureka/} exception=I/O error on DELETE request for "http://localhost:8761/eureka/apps/AUTH-SERVER/10.51.9.79:auth-server:9100": Connect to localhost:8761 [localhost/127.0.0.1, localhost/0:0:0:0:0:0:0:1] failed: Connection refused: connect; nested exception is org.apache.http.conn.HttpHostConnectException: Connect to localhost:8761 [localhost/127.0.0.1, localhost/0:0:0:0:0:0:0:1] failed: Connection refused: connect stacktrace=org.springframework.web.client.ResourceAccessException: I/O error on DELETE request for "http://localhost:8761/eureka/apps/AUTH-SERVER/10.51.9.79:auth-server:9100": Connect to localhost:8761 [localhost/127.0.0.1, localhost/0:0:0:0:0:0:0:1] failed: Connection refused: connect; nested exception is org.apache.http.conn.HttpHostConnectException: Connect to localhost:8761 [localhost/127.0.0.1, localhost/0:0:0:0:0:0:0:1] failed: Connection refused: connect
	at org.springframework.web.client.RestTemplate.doExecute(RestTemplate.java:785)
	at org.springframework.web.client.RestTemplate.execute(RestTemplate.java:711)
	at org.springframework.web.client.RestTemplate.exchange(RestTemplate.java:602)
	at org.springframework.cloud.netflix.eureka.http.RestTemplateEurekaHttpClient.cancel(RestTemplateEurekaHttpClient.java:87)
	at com.netflix.discovery.shared.transport.decorator.EurekaHttpClientDecorator$2.execute(EurekaHttpClientDecorator.java:74)
	at com.netflix.discovery.shared.transport.decorator.RedirectingEurekaHttpClient.execute(RedirectingEurekaHttpClient.java:91)
	at com.netflix.discovery.shared.transport.decorator.EurekaHttpClientDecorator.cancel(EurekaHttpClientDecorator.java:71)
	at com.netflix.discovery.shared.transport.decorator.EurekaHttpClientDecorator$2.execute(EurekaHttpClientDecorator.java:74)
	at com.netflix.discovery.shared.transport.decorator.RetryableEurekaHttpClient.execute(RetryableEurekaHttpClient.java:120)
	at com.netflix.discovery.shared.transport.decorator.EurekaHttpClientDecorator.cancel(EurekaHttpClientDecorator.java:71)
	at com.netflix.discovery.shared.transport.decorator.EurekaHttpClientDecorator$2.execute(EurekaHttpClientDecorator.java:74)
	at com.netflix.discovery.shared.transport.decorator.SessionedEurekaHttpClient.execute(SessionedEurekaHttpClient.java:77)
	at com.netflix.discovery.shared.transport.decorator.EurekaHttpClientDecorator.cancel(EurekaHttpClientDecorator.java:71)
	at com.netflix.discovery.DiscoveryClient.unregister(DiscoveryClient.java:972)
	at com.netflix.discovery.DiscoveryClient.shutdown(DiscoveryClient.java:948)
	at java.base/jdk.internal.reflect.NativeMethodAccessorImpl.invoke0(Native Method)
	at java.base/jdk.internal.reflect.NativeMethodAccessorImpl.invoke(NativeMethodAccessorImpl.java:77)
	at java.base/jdk.internal.reflect.DelegatingMethodAccessorImpl.invoke(DelegatingMethodAccessorImpl.java:43)
	at java.base/java.lang.reflect.Method.invoke(Method.java:568)
	at org.springframework.beans.factory.annotation.InitDestroyAnnotationBeanPostProcessor$LifecycleElement.invoke(InitDestroyAnnotationBeanPostProcessor.java:389)
	at org.springframework.beans.factory.annotation.InitDestroyAnnotationBeanPostProcessor$LifecycleMetadata.invokeDestroyMethods(InitDestroyAnnotationBeanPostProcessor.java:347)
	at org.springframework.beans.factory.annotation.InitDestroyAnnotationBeanPostProcessor.postProcessBeforeDestruction(InitDestroyAnnotationBeanPostProcessor.java:177)
	at org.springframework.beans.factory.support.DisposableBeanAdapter.destroy(DisposableBeanAdapter.java:197)
	at org.springframework.beans.factory.support.DisposableBeanAdapter.run(DisposableBeanAdapter.java:190)
	at org.springframework.cloud.context.scope.GenericScope$BeanLifecycleWrapper.destroy(GenericScope.java:390)
	at org.springframework.cloud.context.scope.GenericScope.destroy(GenericScope.java:136)
	at org.springframework.beans.factory.support.DisposableBeanAdapter.destroy(DisposableBeanAdapter.java:213)
	at org.springframework.beans.factory.support.DefaultSingletonBeanRegistry.destroyBean(DefaultSingletonBeanRegistry.java:587)
	at org.springframework.beans.factory.support.DefaultSingletonBeanRegistry.destroySingleton(DefaultSingletonBeanRegistry.java:559)
	at org.springframework.beans.factory.support.DefaultListableBeanFactory.destroySingleton(DefaultListableBeanFactory.java:1163)
	at org.springframework.beans.factory.support.DefaultSingletonBeanRegistry.destroySingletons(DefaultSingletonBeanRegistry.java:520)
	at org.springframework.beans.factory.support.DefaultListableBeanFactory.destroySingletons(DefaultListableBeanFactory.java:1156)
	at org.springframework.context.support.AbstractApplicationContext.destroyBeans(AbstractApplicationContext.java:1106)
	at org.springframework.context.support.AbstractApplicationContext.doClose(AbstractApplicationContext.java:1075)
	at org.springframework.boot.web.servlet.context.ServletWebServerApplicationContext.doClose(ServletWebServerApplicationContext.java:174)
	at org.springframework.context.support.AbstractApplicationContext.close(AbstractApplicationContext.java:1021)
	at org.springframework.boot.SpringApplicationShutdownHook.closeAndWait(SpringApplicationShutdownHook.java:145)
	at java.base/java.lang.Iterable.forEach(Iterable.java:75)
	at org.springframework.boot.SpringApplicationShutdownHook.run(SpringApplicationShutdownHook.java:114)
	at java.base/java.lang.Thread.run(Thread.java:833)
Caused by: org.apache.http.conn.HttpHostConnectException: Connect to localhost:8761 [localhost/127.0.0.1, localhost/0:0:0:0:0:0:0:1] failed: Connection refused: connect
	at org.apache.http.impl.conn.DefaultHttpClientConnectionOperator.connect(DefaultHttpClientConnectionOperator.java:156)
	at org.apache.http.impl.conn.PoolingHttpClientConnectionManager.connect(PoolingHttpClientConnectionManager.java:376)
	at org.apache.http.impl.execchain.MainClientExec.establishRoute(MainClientExec.java:393)
	at org.apache.http.impl.execchain.MainClientExec.execute(MainClientExec.java:236)
	at org.apache.http.impl.execchain.ProtocolExec.execute(ProtocolExec.java:186)
	at org.apache.http.impl.execchain.RetryExec.execute(RetryExec.java:89)
	at org.apache.http.impl.execchain.RedirectExec.execute(RedirectExec.java:110)
	at org.apache.http.impl.client.InternalHttpClient.doExecute(InternalHttpClient.java:185)
	at org.apache.http.impl.client.CloseableHttpClient.execute(CloseableHttpClient.java:83)
	at org.apache.http.impl.client.CloseableHttpClient.execute(CloseableHttpClient.java:56)
	at org.springframework.http.client.HttpComponentsClientHttpRequest.executeInternal(HttpComponentsClientHttpRequest.java:87)
	at org.springframework.http.client.AbstractBufferingClientHttpRequest.executeInternal(AbstractBufferingClientHttpRequest.java:48)
	at org.springframework.http.client.AbstractClientHttpRequest.execute(AbstractClientHttpRequest.java:66)
	at org.springframework.web.client.RestTemplate.doExecute(RestTemplate.java:776)
	... 39 more
Caused by: java.net.ConnectException: Connection refused: connect
	at java.base/sun.nio.ch.Net.connect0(Native Method)
	at java.base/sun.nio.ch.Net.connect(Net.java:579)
	at java.base/sun.nio.ch.Net.connect(Net.java:568)
	at java.base/sun.nio.ch.NioSocketImpl.connect(NioSocketImpl.java:588)
	at java.base/java.net.SocksSocketImpl.connect(SocksSocketImpl.java:327)
	at java.base/java.net.Socket.connect(Socket.java:633)
	at org.apache.http.conn.socket.PlainConnectionSocketFactory.connectSocket(PlainConnectionSocketFactory.java:75)
	at org.apache.http.impl.conn.DefaultHttpClientConnectionOperator.connect(DefaultHttpClientConnectionOperator.java:142)
	... 52 more

2022-Oct-13 18:05:16.748 [SpringApplicationShutdownHook] WARN  c.n.d.s.t.d.RetryableEurekaHttpClient              - Request execution failed with message: I/O error on DELETE request for "http://localhost:8761/eureka/apps/AUTH-SERVER/10.51.9.79:auth-server:9100": Connect to localhost:8761 [localhost/127.0.0.1, localhost/0:0:0:0:0:0:0:1] failed: Connection refused: connect; nested exception is org.apache.http.conn.HttpHostConnectException: Connect to localhost:8761 [localhost/127.0.0.1, localhost/0:0:0:0:0:0:0:1] failed: Connection refused: connect
2022-Oct-13 18:05:16.762 [SpringApplicationShutdownHook] INFO  c.n.d.s.t.d.RedirectingEurekaHttpClient            - Request execution error. endpoint=DefaultEndpoint{ serviceUrl='http://localhost:8761/eureka/}, exception=I/O error on DELETE request for "http://localhost:8761/eureka/apps/AUTH-SERVER/10.51.9.79:auth-server:9100": Connect to localhost:8761 [localhost/127.0.0.1, localhost/0:0:0:0:0:0:0:1] failed: Connection refused: connect; nested exception is org.apache.http.conn.HttpHostConnectException: Connect to localhost:8761 [localhost/127.0.0.1, localhost/0:0:0:0:0:0:0:1] failed: Connection refused: connect stacktrace=org.springframework.web.client.ResourceAccessException: I/O error on DELETE request for "http://localhost:8761/eureka/apps/AUTH-SERVER/10.51.9.79:auth-server:9100": Connect to localhost:8761 [localhost/127.0.0.1, localhost/0:0:0:0:0:0:0:1] failed: Connection refused: connect; nested exception is org.apache.http.conn.HttpHostConnectException: Connect to localhost:8761 [localhost/127.0.0.1, localhost/0:0:0:0:0:0:0:1] failed: Connection refused: connect
	at org.springframework.web.client.RestTemplate.doExecute(RestTemplate.java:785)
	at org.springframework.web.client.RestTemplate.execute(RestTemplate.java:711)
	at org.springframework.web.client.RestTemplate.exchange(RestTemplate.java:602)
	at org.springframework.cloud.netflix.eureka.http.RestTemplateEurekaHttpClient.cancel(RestTemplateEurekaHttpClient.java:87)
	at com.netflix.discovery.shared.transport.decorator.EurekaHttpClientDecorator$2.execute(EurekaHttpClientDecorator.java:74)
	at com.netflix.discovery.shared.transport.decorator.RedirectingEurekaHttpClient.executeOnNewServer(RedirectingEurekaHttpClient.java:121)
	at com.netflix.discovery.shared.transport.decorator.RedirectingEurekaHttpClient.execute(RedirectingEurekaHttpClient.java:80)
	at com.netflix.discovery.shared.transport.decorator.EurekaHttpClientDecorator.cancel(EurekaHttpClientDecorator.java:71)
	at com.netflix.discovery.shared.transport.decorator.EurekaHttpClientDecorator$2.execute(EurekaHttpClientDecorator.java:74)
	at com.netflix.discovery.shared.transport.decorator.RetryableEurekaHttpClient.execute(RetryableEurekaHttpClient.java:120)
	at com.netflix.discovery.shared.transport.decorator.EurekaHttpClientDecorator.cancel(EurekaHttpClientDecorator.java:71)
	at com.netflix.discovery.shared.transport.decorator.EurekaHttpClientDecorator$2.execute(EurekaHttpClientDecorator.java:74)
	at com.netflix.discovery.shared.transport.decorator.SessionedEurekaHttpClient.execute(SessionedEurekaHttpClient.java:77)
	at com.netflix.discovery.shared.transport.decorator.EurekaHttpClientDecorator.cancel(EurekaHttpClientDecorator.java:71)
	at com.netflix.discovery.DiscoveryClient.unregister(DiscoveryClient.java:972)
	at com.netflix.discovery.DiscoveryClient.shutdown(DiscoveryClient.java:948)
	at java.base/jdk.internal.reflect.NativeMethodAccessorImpl.invoke0(Native Method)
	at java.base/jdk.internal.reflect.NativeMethodAccessorImpl.invoke(NativeMethodAccessorImpl.java:77)
	at java.base/jdk.internal.reflect.DelegatingMethodAccessorImpl.invoke(DelegatingMethodAccessorImpl.java:43)
	at java.base/java.lang.reflect.Method.invoke(Method.java:568)
	at org.springframework.beans.factory.annotation.InitDestroyAnnotationBeanPostProcessor$LifecycleElement.invoke(InitDestroyAnnotationBeanPostProcessor.java:389)
	at org.springframework.beans.factory.annotation.InitDestroyAnnotationBeanPostProcessor$LifecycleMetadata.invokeDestroyMethods(InitDestroyAnnotationBeanPostProcessor.java:347)
	at org.springframework.beans.factory.annotation.InitDestroyAnnotationBeanPostProcessor.postProcessBeforeDestruction(InitDestroyAnnotationBeanPostProcessor.java:177)
	at org.springframework.beans.factory.support.DisposableBeanAdapter.destroy(DisposableBeanAdapter.java:197)
	at org.springframework.beans.factory.support.DisposableBeanAdapter.run(DisposableBeanAdapter.java:190)
	at org.springframework.cloud.context.scope.GenericScope$BeanLifecycleWrapper.destroy(GenericScope.java:390)
	at org.springframework.cloud.context.scope.GenericScope.destroy(GenericScope.java:136)
	at org.springframework.beans.factory.support.DisposableBeanAdapter.destroy(DisposableBeanAdapter.java:213)
	at org.springframework.beans.factory.support.DefaultSingletonBeanRegistry.destroyBean(DefaultSingletonBeanRegistry.java:587)
	at org.springframework.beans.factory.support.DefaultSingletonBeanRegistry.destroySingleton(DefaultSingletonBeanRegistry.java:559)
	at org.springframework.beans.factory.support.DefaultListableBeanFactory.destroySingleton(DefaultListableBeanFactory.java:1163)
	at org.springframework.beans.factory.support.DefaultSingletonBeanRegistry.destroySingletons(DefaultSingletonBeanRegistry.java:520)
	at org.springframework.beans.factory.support.DefaultListableBeanFactory.destroySingletons(DefaultListableBeanFactory.java:1156)
	at org.springframework.context.support.AbstractApplicationContext.destroyBeans(AbstractApplicationContext.java:1106)
	at org.springframework.context.support.AbstractApplicationContext.doClose(AbstractApplicationContext.java:1075)
	at org.springframework.boot.web.servlet.context.ServletWebServerApplicationContext.doClose(ServletWebServerApplicationContext.java:174)
	at org.springframework.context.support.AbstractApplicationContext.close(AbstractApplicationContext.java:1021)
	at org.springframework.boot.SpringApplicationShutdownHook.closeAndWait(SpringApplicationShutdownHook.java:145)
	at java.base/java.lang.Iterable.forEach(Iterable.java:75)
	at org.springframework.boot.SpringApplicationShutdownHook.run(SpringApplicationShutdownHook.java:114)
	at java.base/java.lang.Thread.run(Thread.java:833)
Caused by: org.apache.http.conn.HttpHostConnectException: Connect to localhost:8761 [localhost/127.0.0.1, localhost/0:0:0:0:0:0:0:1] failed: Connection refused: connect
	at org.apache.http.impl.conn.DefaultHttpClientConnectionOperator.connect(DefaultHttpClientConnectionOperator.java:156)
	at org.apache.http.impl.conn.PoolingHttpClientConnectionManager.connect(PoolingHttpClientConnectionManager.java:376)
	at org.apache.http.impl.execchain.MainClientExec.establishRoute(MainClientExec.java:393)
	at org.apache.http.impl.execchain.MainClientExec.execute(MainClientExec.java:236)
	at org.apache.http.impl.execchain.ProtocolExec.execute(ProtocolExec.java:186)
	at org.apache.http.impl.execchain.RetryExec.execute(RetryExec.java:89)
	at org.apache.http.impl.execchain.RedirectExec.execute(RedirectExec.java:110)
	at org.apache.http.impl.client.InternalHttpClient.doExecute(InternalHttpClient.java:185)
	at org.apache.http.impl.client.CloseableHttpClient.execute(CloseableHttpClient.java:83)
	at org.apache.http.impl.client.CloseableHttpClient.execute(CloseableHttpClient.java:56)
	at org.springframework.http.client.HttpComponentsClientHttpRequest.executeInternal(HttpComponentsClientHttpRequest.java:87)
	at org.springframework.http.client.AbstractBufferingClientHttpRequest.executeInternal(AbstractBufferingClientHttpRequest.java:48)
	at org.springframework.http.client.AbstractClientHttpRequest.execute(AbstractClientHttpRequest.java:66)
	at org.springframework.web.client.RestTemplate.doExecute(RestTemplate.java:776)
	... 40 more
Caused by: java.net.ConnectException: Connection refused: connect
	at java.base/sun.nio.ch.Net.connect0(Native Method)
	at java.base/sun.nio.ch.Net.connect(Net.java:579)
	at java.base/sun.nio.ch.Net.connect(Net.java:568)
	at java.base/sun.nio.ch.NioSocketImpl.connect(NioSocketImpl.java:588)
	at java.base/java.net.SocksSocketImpl.connect(SocksSocketImpl.java:327)
	at java.base/java.net.Socket.connect(Socket.java:633)
	at org.apache.http.conn.socket.PlainConnectionSocketFactory.connectSocket(PlainConnectionSocketFactory.java:75)
	at org.apache.http.impl.conn.DefaultHttpClientConnectionOperator.connect(DefaultHttpClientConnectionOperator.java:142)
	... 53 more

2022-Oct-13 18:05:16.764 [SpringApplicationShutdownHook] WARN  c.n.d.s.t.d.RetryableEurekaHttpClient              - Request execution failed with message: I/O error on DELETE request for "http://localhost:8761/eureka/apps/AUTH-SERVER/10.51.9.79:auth-server:9100": Connect to localhost:8761 [localhost/127.0.0.1, localhost/0:0:0:0:0:0:0:1] failed: Connection refused: connect; nested exception is org.apache.http.conn.HttpHostConnectException: Connect to localhost:8761 [localhost/127.0.0.1, localhost/0:0:0:0:0:0:0:1] failed: Connection refused: connect
2022-Oct-13 18:05:16.765 [SpringApplicationShutdownHook] ERROR c.n.d.DiscoveryClient                              - DiscoveryClient_AUTH-SERVER/10.51.9.79:auth-server:9100 - de-registration failedCannot execute request on any known server
com.netflix.discovery.shared.transport.TransportException: Cannot execute request on any known server
	at com.netflix.discovery.shared.transport.decorator.RetryableEurekaHttpClient.execute(RetryableEurekaHttpClient.java:112) ~[eureka-client-1.10.17.jar:1.10.17]
	at com.netflix.discovery.shared.transport.decorator.EurekaHttpClientDecorator.cancel(EurekaHttpClientDecorator.java:71) ~[eureka-client-1.10.17.jar:1.10.17]
	at com.netflix.discovery.shared.transport.decorator.EurekaHttpClientDecorator$2.execute(EurekaHttpClientDecorator.java:74) ~[eureka-client-1.10.17.jar:1.10.17]
	at com.netflix.discovery.shared.transport.decorator.SessionedEurekaHttpClient.execute(SessionedEurekaHttpClient.java:77) ~[eureka-client-1.10.17.jar:1.10.17]
	at com.netflix.discovery.shared.transport.decorator.EurekaHttpClientDecorator.cancel(EurekaHttpClientDecorator.java:71) ~[eureka-client-1.10.17.jar:1.10.17]
	at com.netflix.discovery.DiscoveryClient.unregister(DiscoveryClient.java:972) ~[eureka-client-1.10.17.jar:1.10.17]
	at com.netflix.discovery.DiscoveryClient.shutdown(DiscoveryClient.java:948) ~[eureka-client-1.10.17.jar:1.10.17]
	at jdk.internal.reflect.NativeMethodAccessorImpl.invoke0(Native Method) ~[?:?]
	at jdk.internal.reflect.NativeMethodAccessorImpl.invoke(NativeMethodAccessorImpl.java:77) ~[?:?]
	at jdk.internal.reflect.DelegatingMethodAccessorImpl.invoke(DelegatingMethodAccessorImpl.java:43) ~[?:?]
	at java.lang.reflect.Method.invoke(Method.java:568) ~[?:?]
	at org.springframework.beans.factory.annotation.InitDestroyAnnotationBeanPostProcessor$LifecycleElement.invoke(InitDestroyAnnotationBeanPostProcessor.java:389) ~[spring-beans-5.3.23.jar:5.3.23]
	at org.springframework.beans.factory.annotation.InitDestroyAnnotationBeanPostProcessor$LifecycleMetadata.invokeDestroyMethods(InitDestroyAnnotationBeanPostProcessor.java:347) ~[spring-beans-5.3.23.jar:5.3.23]
	at org.springframework.beans.factory.annotation.InitDestroyAnnotationBeanPostProcessor.postProcessBeforeDestruction(InitDestroyAnnotationBeanPostProcessor.java:177) ~[spring-beans-5.3.23.jar:5.3.23]
	at org.springframework.beans.factory.support.DisposableBeanAdapter.destroy(DisposableBeanAdapter.java:197) ~[spring-beans-5.3.23.jar:5.3.23]
	at org.springframework.beans.factory.support.DisposableBeanAdapter.run(DisposableBeanAdapter.java:190) ~[spring-beans-5.3.23.jar:5.3.23]
	at org.springframework.cloud.context.scope.GenericScope$BeanLifecycleWrapper.destroy(GenericScope.java:390) ~[spring-cloud-context-3.1.4.jar:3.1.4]
	at org.springframework.cloud.context.scope.GenericScope.destroy(GenericScope.java:136) ~[spring-cloud-context-3.1.4.jar:3.1.4]
	at org.springframework.beans.factory.support.DisposableBeanAdapter.destroy(DisposableBeanAdapter.java:213) ~[spring-beans-5.3.23.jar:5.3.23]
	at org.springframework.beans.factory.support.DefaultSingletonBeanRegistry.destroyBean(DefaultSingletonBeanRegistry.java:587) ~[spring-beans-5.3.23.jar:5.3.23]
	at org.springframework.beans.factory.support.DefaultSingletonBeanRegistry.destroySingleton(DefaultSingletonBeanRegistry.java:559) ~[spring-beans-5.3.23.jar:5.3.23]
	at org.springframework.beans.factory.support.DefaultListableBeanFactory.destroySingleton(DefaultListableBeanFactory.java:1163) ~[spring-beans-5.3.23.jar:5.3.23]
	at org.springframework.beans.factory.support.DefaultSingletonBeanRegistry.destroySingletons(DefaultSingletonBeanRegistry.java:520) ~[spring-beans-5.3.23.jar:5.3.23]
	at org.springframework.beans.factory.support.DefaultListableBeanFactory.destroySingletons(DefaultListableBeanFactory.java:1156) ~[spring-beans-5.3.23.jar:5.3.23]
	at org.springframework.context.support.AbstractApplicationContext.destroyBeans(AbstractApplicationContext.java:1106) ~[spring-context-5.3.23.jar:5.3.23]
	at org.springframework.context.support.AbstractApplicationContext.doClose(AbstractApplicationContext.java:1075) ~[spring-context-5.3.23.jar:5.3.23]
	at org.springframework.boot.web.servlet.context.ServletWebServerApplicationContext.doClose(ServletWebServerApplicationContext.java:174) ~[spring-boot-2.7.4.jar:2.7.4]
	at org.springframework.context.support.AbstractApplicationContext.close(AbstractApplicationContext.java:1021) ~[spring-context-5.3.23.jar:5.3.23]
	at org.springframework.boot.SpringApplicationShutdownHook.closeAndWait(SpringApplicationShutdownHook.java:145) ~[spring-boot-2.7.4.jar:2.7.4]
	at java.lang.Iterable.forEach(Iterable.java:75) ~[?:?]
	at org.springframework.boot.SpringApplicationShutdownHook.run(SpringApplicationShutdownHook.java:114) ~[spring-boot-2.7.4.jar:2.7.4]
	at java.lang.Thread.run(Thread.java:833) ~[?:?]
2022-Oct-13 18:05:16.837 [SpringApplicationShutdownHook] INFO  c.n.d.DiscoveryClient                              - Completed shut down of DiscoveryClient
